#
# There is insufficient memory for the Java Runtime Environment to continue.
# Native memory allocation (malloc) failed to allocate 1048576 bytes. Error detail: AllocateHeap
# Possible reasons:
#   The system is out of physical RAM or swap space
#   This process is running with CompressedOops enabled, and the Java Heap may be blocking the growth of the native heap
# Possible solutions:
#   Reduce memory load on the system
#   Increase physical memory or swap space
#   Check if swap backing store is full
#   Decrease Java heap size (-Xmx/-Xms)
#   Decrease number of Java threads
#   Decrease Java thread stack sizes (-Xss)
#   Set larger code cache with -XX:ReservedCodeCacheSize=
#   JVM is running with Zero Based Compressed Oops mode in which the Java heap is
#     placed in the first 32GB address space. The Java Heap base address is the
#     maximum limit for the native heap growth. Please use -XX:HeapBaseMinAddress
#     to set the Java Heap base and to place the Java Heap above 32GB virtual address.
# This output file may be truncated or incomplete.
#
#  Out of Memory Error (allocation.cpp:44), pid=22572, tid=19880
#
# JRE version:  (21.0.7+9) (build )
# Java VM: OpenJDK 64-Bit Server VM (21.0.7+9-b895.130, mixed mode, sharing, tiered, compressed oops, compressed class ptrs, g1 gc, windows-amd64)
# No core dump will be written. Minidumps are not enabled by default on client versions of Windows
#

---------------  S U M M A R Y ------------

Command Line: git4idea.http.GitAskPassApp Username for 'https://github.com': 

Host: Intel(R) Core(TM) i5-10210U CPU @ 1.60GHz, 8 cores, 11G,  Windows 11 , 64 bit Build 26100 (10.0.26100.7019)
Time: Fri Oct 31 11:26:51 2025 Sri Lanka Standard Time elapsed time: 2.040428 seconds (0d 0h 0m 2s)

---------------  T H R E A D  ---------------

Current thread (0x000001a5cd4940f0):  JavaThread "Unknown thread" [_thread_in_vm, id=19880, stack(0x00000025e8000000,0x00000025e8100000) (1024K)]

Stack: [0x00000025e8000000,0x00000025e8100000]
Native frames: (J=compiled Java code, j=interpreted, Vv=VM code, C=native code)
V  [jvm.dll+0x6e6049]
V  [jvm.dll+0x8c4343]
V  [jvm.dll+0x8c689e]
V  [jvm.dll+0x8c6f83]
V  [jvm.dll+0x289266]
V  [jvm.dll+0xc0ed7]
V  [jvm.dll+0x33e6b5]
V  [jvm.dll+0x336ca1]
V  [jvm.dll+0x88b7a9]
V  [jvm.dll+0x3ca9b8]
V  [jvm.dll+0x8747f8]
V  [jvm.dll+0x45f3ce]
V  [jvm.dll+0x4610b1]
C  [jli.dll+0x52ab]
C  [ucrtbase.dll+0x37b0]
C  [KERNEL32.DLL+0x2e8d7]
C  [ntdll.dll+0x8c53c]


---------------  P R O C E S S  ---------------

Threads class SMR info:
_java_thread_list=0x00007ffa958ab148, length=0, elements={
}

Java Threads: ( => current thread )
Total: 0

Other Threads:
  0x000001a5cf8da6e0 WorkerThread "GC Thread#0"                     [id=15460, stack(0x00000025e8100000,0x00000025e8200000) (1024K)]

[error occurred during error reporting (printing all threads), id 0xc0000005, EXCEPTION_ACCESS_VIOLATION (0xc0000005) at pc=0x00007ffa94f932a0]
VM state: not at safepoint (not fully initialized)

VM Mutex/Monitor currently owned by a thread:  ([mutex/lock_event])
[0x00007ffa9591fab8] Heap_lock - owner thread: 0x000001a5cd4940f0

Heap address: 0x0000000743000000, size: 3024 MB, Compressed Oops mode: Zero based, Oop shift amount: 3

CDS archive(s) mapped at: [0x0000000000000000-0x0000000000000000-0x0000000000000000), size 0, SharedBaseAddress: 0x0000000800000000, ArchiveRelocationMode: 1.
Narrow klass base: 0x0000000000000000, Narrow klass shift: 0, Narrow klass range: 0x0

GC Precious Log:
 CardTable entry size: 512
 Card Set container configuration: InlinePtr #cards 4 size 8 Array Of Cards #cards 16 size 48 Howl #buckets 8 coarsen threshold 3686 Howl Bitmap #cards 512 size 80 coarsen threshold 460 Card regions per heap region 1 cards per card region 4096

Heap:
 garbage-first heap   total 0K, used 0K [0x0000000743000000, 0x0000000800000000)
  region size 2048K, 0 young (0K), 0 survivors (0K)
 Metaspace       used 0K, committed 0K, reserved 0K
  class space    used 0K, committed 0K, reserved 0K

Heap Regions: E=young(eden), S=young(survivor), O=old, HS=humongous(starts), HC=humongous(continues), CS=collection set, F=free, TAMS=top-at-mark-start, PB=parsable bottom

Card table byte_map: [0x000001a5e30e0000,0x000001a5e36d0000] _byte_map_base: 0x000001a5df6c8000

GC Heap History (0 events):
No events

Dll operation events (1 events):
Event: 0.013 Loaded shared library C:\Program Files\JetBrains\WebStorm 2025.1.4.1\jbr\bin\java.dll

Deoptimization events (0 events):
No events

Classes loaded (0 events):
No events

Classes unloaded (0 events):
No events

Classes redefined (0 events):
No events

Internal exceptions (0 events):
No events

ZGC Phase Switch (0 events):
No events

VM Operations (0 events):
No events

Memory protections (0 events):
No events

Nmethod flushes (0 events):
No events

Events (0 events):
No events


Dynamic libraries:
0x00007ff6cba90000 - 0x00007ff6cba9a000 	C:\Program Files\JetBrains\WebStorm 2025.1.4.1\jbr\bin\java.exe
0x00007ffb4f780000 - 0x00007ffb4f9e8000 	C:\WINDOWS\SYSTEM32\ntdll.dll
0x00007ffb4e910000 - 0x00007ffb4e9d9000 	C:\WINDOWS\System32\KERNEL32.DLL
0x00007ffb4ccb0000 - 0x00007ffb4d0a8000 	C:\WINDOWS\System32\KERNELBASE.dll
0x00007ffb4d230000 - 0x00007ffb4d37b000 	C:\WINDOWS\System32\ucrtbase.dll
0x00007ffa992c0000 - 0x00007ffa992db000 	C:\Program Files\JetBrains\WebStorm 2025.1.4.1\jbr\bin\VCRUNTIME140.dll
0x00007ffb48d60000 - 0x00007ffb48d78000 	C:\Program Files\JetBrains\WebStorm 2025.1.4.1\jbr\bin\jli.dll
0x00007ffb4f060000 - 0x00007ffb4f227000 	C:\WINDOWS\System32\USER32.dll
0x00007ffb37240000 - 0x00007ffb374d4000 	C:\WINDOWS\WinSxS\amd64_microsoft.windows.common-controls_6595b64144ccf1df_6.0.26100.7019_none_3e06ffa0e335b8a8\COMCTL32.dll
0x00007ffb4d430000 - 0x00007ffb4d457000 	C:\WINDOWS\System32\win32u.dll
0x00007ffb4f710000 - 0x00007ffb4f73b000 	C:\WINDOWS\System32\GDI32.dll
0x00007ffb4ec80000 - 0x00007ffb4ed29000 	C:\WINDOWS\System32\msvcrt.dll
0x00007ffb4cb80000 - 0x00007ffb4ccac000 	C:\WINDOWS\System32\gdi32full.dll
0x00007ffb4d380000 - 0x00007ffb4d423000 	C:\WINDOWS\System32\msvcp_win.dll
0x00007ffb4de40000 - 0x00007ffb4de71000 	C:\WINDOWS\System32\IMM32.DLL
0x00007ffb2db00000 - 0x00007ffb2db0c000 	C:\Program Files\JetBrains\WebStorm 2025.1.4.1\jbr\bin\vcruntime140_1.dll
0x00007ffb41d10000 - 0x00007ffb41d9d000 	C:\Program Files\JetBrains\WebStorm 2025.1.4.1\jbr\bin\msvcp140.dll
0x00007ffa94c50000 - 0x00007ffa95a11000 	C:\Program Files\JetBrains\WebStorm 2025.1.4.1\jbr\bin\server\jvm.dll
0x00007ffb4de80000 - 0x00007ffb4df34000 	C:\WINDOWS\System32\ADVAPI32.dll
0x00007ffb4e1d0000 - 0x00007ffb4e276000 	C:\WINDOWS\System32\sechost.dll
0x00007ffb4dfd0000 - 0x00007ffb4e0e8000 	C:\WINDOWS\System32\RPCRT4.dll
0x00007ffb4ee50000 - 0x00007ffb4eec4000 	C:\WINDOWS\System32\WS2_32.dll
0x00007ffb4c730000 - 0x00007ffb4c78e000 	C:\WINDOWS\SYSTEM32\POWRPROF.dll
0x00007ffb42810000 - 0x00007ffb4281b000 	C:\WINDOWS\SYSTEM32\VERSION.dll
0x00007ffb38e00000 - 0x00007ffb38e35000 	C:\WINDOWS\SYSTEM32\WINMM.dll
0x00007ffb4c710000 - 0x00007ffb4c724000 	C:\WINDOWS\SYSTEM32\UMPDC.dll
0x00007ffb4b650000 - 0x00007ffb4b66b000 	C:\WINDOWS\SYSTEM32\kernel.appcore.dll
0x00007ffad6800000 - 0x00007ffad680a000 	C:\Program Files\JetBrains\WebStorm 2025.1.4.1\jbr\bin\jimage.dll
0x00007ffb46fc0000 - 0x00007ffb47202000 	C:\WINDOWS\SYSTEM32\DBGHELP.DLL
0x00007ffb4e4e0000 - 0x00007ffb4e86b000 	C:\WINDOWS\System32\combase.dll
0x00007ffb4e0f0000 - 0x00007ffb4e1c7000 	C:\WINDOWS\System32\OLEAUT32.dll
0x00007ffb35650000 - 0x00007ffb3568c000 	C:\WINDOWS\SYSTEM32\dbgcore.DLL
0x00007ffb4ca40000 - 0x00007ffb4cae5000 	C:\WINDOWS\System32\bcryptPrimitives.dll
0x00007ffa992a0000 - 0x00007ffa992c0000 	C:\Program Files\JetBrains\WebStorm 2025.1.4.1\jbr\bin\java.dll

dbghelp: loaded successfully - version: 4.0.5 - missing functions: none
symbol engine: initialized successfully - sym options: 0x614 - pdb path: .;C:\Program Files\JetBrains\WebStorm 2025.1.4.1\jbr\bin;C:\WINDOWS\SYSTEM32;C:\WINDOWS\WinSxS\amd64_microsoft.windows.common-controls_6595b64144ccf1df_6.0.26100.7019_none_3e06ffa0e335b8a8;C:\Program Files\JetBrains\WebStorm 2025.1.4.1\jbr\bin\server

VM Arguments:
java_command: git4idea.http.GitAskPassApp Username for 'https://github.com': 
java_class_path (initial): C:/Program Files/JetBrains/WebStorm 2025.1.4.1/plugins/vcs-git/lib/git4idea-rt.jar;C:/Program Files/JetBrains/WebStorm 2025.1.4.1/lib/externalProcess-rt.jar
Launcher Type: SUN_STANDARD

[Global flags]
     intx CICompilerCount                          = 4                                         {product} {ergonomic}
     uint ConcGCThreads                            = 2                                         {product} {ergonomic}
     uint G1ConcRefinementThreads                  = 8                                         {product} {ergonomic}
   size_t G1HeapRegionSize                         = 2097152                                   {product} {ergonomic}
    uintx GCDrainStackTargetSize                   = 64                                        {product} {ergonomic}
   size_t InitialHeapSize                          = 199229440                                 {product} {ergonomic}
   size_t MarkStackSize                            = 4194304                                   {product} {ergonomic}
   size_t MaxHeapSize                              = 3170893824                                {product} {ergonomic}
   size_t MinHeapDeltaBytes                        = 2097152                                   {product} {ergonomic}
   size_t MinHeapSize                              = 8388608                                   {product} {ergonomic}
    uintx NonNMethodCodeHeapSize                   = 5839372                                {pd product} {ergonomic}
    uintx NonProfiledCodeHeapSize                  = 122909434                              {pd product} {ergonomic}
    uintx ProfiledCodeHeapSize                     = 122909434                              {pd product} {ergonomic}
    uintx ReservedCodeCacheSize                    = 251658240                              {pd product} {ergonomic}
     bool SegmentedCodeCache                       = true                                      {product} {ergonomic}
   size_t SoftMaxHeapSize                          = 3170893824                             {manageable} {ergonomic}
     bool UseCompressedOops                        = true                           {product lp64_product} {ergonomic}
     bool UseG1GC                                  = true                                      {product} {ergonomic}
     bool UseLargePagesIndividualAllocation        = false                                  {pd product} {ergonomic}

Logging:
Log output configuration:
 #0: stdout all=warning uptime,level,tags foldmultilines=false
 #1: stderr all=off uptime,level,tags foldmultilines=false

Environment Variables:
JAVA_HOME=C:\Program Files\Java\jdk-17
PATH=C:\Program Files\Git\mingw64\libexec\git-core;C:\Program Files\Git\mingw64\libexec\git-core;C:\Program Files\Git\mingw64\bin;C:\Program Files\Git\usr\bin;C:\Users\pavan\bin;C:\Program Files\Common Files\Oracle\Java\javapath;C:\WINDOWS\system32;C:\WINDOWS;C:\WINDOWS\System32\Wbem;C:\WINDOWS\System32\WindowsPowerShell\v1.0;C:\WINDOWS\System32\OpenSSH;C:\Program Files\dotnet;C:\Program Files\Git\cmd;C:\Program Files\Java\jdk-17\bin;C:\Program Files\Maven\apache-maven-3.9.11\bin;C:\Program Files\nodejs;C:\Program Files\Docker\Docker\resources\bin;C:\Program Files\MySQL\MySQL Shell 8.0\bin;C:\Users\pavan\AppData\Local\Microsoft\WindowsApps;C:\Users\pavan\AppData\Local\Programs\Microsoft VS Code\bin;C:\Users\pavan\AppData\Roaming\npm
USERNAME=pavan
DISPLAY=:0.0
LC_ALL=en_US.UTF-8
TERM=xterm-256color
TMPDIR=C:\Users\pavan\AppData\Local\Temp
OS=Windows_NT
PROCESSOR_IDENTIFIER=Intel64 Family 6 Model 142 Stepping 12, GenuineIntel
TMP=C:\Users\pavan\AppData\Local\Temp
TEMP=C:\Users\pavan\AppData\Local\Temp




Periodic native trim disabled

JNI global refs:
JNI global refs: 0, weak refs: 0

JNI global refs memory usage: 0, weak refs: 0

Process memory usage:
Resident Set Size: 12340K (0% of 12382196K total physical memory with 496848K free physical memory)

OOME stack traces (most recent first):
Classloader memory used:

---------------  S Y S T E M  ---------------

OS:
 Windows 11 , 64 bit Build 26100 (10.0.26100.7019)
OS uptime: 1 days 3:19 hours
Hyper-V role detected

CPU: total 8 (initial active 8) (4 cores per cpu, 2 threads per core) family 6 model 142 stepping 12 microcode 0xf0, cx8, cmov, fxsr, ht, mmx, 3dnowpref, sse, sse2, sse3, ssse3, sse4.1, sse4.2, popcnt, lzcnt, tsc, tscinvbit, avx, avx2, aes, erms, clmul, bmi1, bmi2, adx, fma, vzeroupper, clflush, clflushopt, hv, rdtscp, f16c
Processor Information for the first 8 processors :
  Max Mhz: 2112, Current Mhz: 1609, Mhz Limit: 1605

Memory: 4k page, system-wide physical 12091M (485M free)
TotalPageFile size 26278M (AvailPageFile size 5M)
current process WorkingSet (physical memory assigned to process): 12M, peak: 12M
current process commit charge ("private bytes"): 52M, peak: 53M

vm_info: OpenJDK 64-Bit Server VM (21.0.7+9-b895.130) for windows-amd64 JRE (21.0.7+9-b895.130), built on 2025-05-13 by "builduser" with MS VC++ 16.10 / 16.11 (VS2019)

END.
